/workspace/jsonapi-symfony/src/Bridge/Doctrine/ExistenceChecker/DoctrineExistenceChecker.php:63:Parameter #1 $class of method Doctrine\Persistence\ManagerRegistry::getManagerForClass() expects class-string, string given.
/workspace/jsonapi-symfony/src/Bridge/Doctrine/Flush/FlushManager.php:98:Parameter #1 $class of method Doctrine\Persistence\ManagerRegistry::getManagerForClass() expects class-string, string given.
/workspace/jsonapi-symfony/src/Bridge/Doctrine/Instantiator/SerializerEntityInstantiator.php:94:Parameter #1 $objectOrClass of class ReflectionClass constructor expects class-string<T of object>|T of object, string given.
/workspace/jsonapi-symfony/src/Bridge/Doctrine/Instantiator/SerializerEntityInstantiator.php:153:Method AlexFigures\Symfony\Bridge\Doctrine\Instantiator\SerializerEntityInstantiator::instantiate() should return array{entity: object, remainingChanges: AlexFigures\Symfony\Contract\Data\ChangeSet} but returns array{entity: mixed, remainingChanges: AlexFigures\Symfony\Contract\Data\ChangeSet}.
/workspace/jsonapi-symfony/src/Bridge/Doctrine/Instantiator/SerializerEntityInstantiator.php:176:Using nullsafe property access "?->propertyPath" on left side of ?? is unnecessary. Use -> instead.
/workspace/jsonapi-symfony/src/Bridge/Doctrine/Instantiator/SerializerEntityInstantiator.php:257:Parameter #1 $class of method Doctrine\Persistence\ManagerRegistry::getManagerForClass() expects class-string, string given.
/workspace/jsonapi-symfony/src/Bridge/Doctrine/Persister/GenericDoctrineProcessor.php:48:Parameter #1 $className of method Doctrine\ORM\EntityManagerInterface::find() expects class-string<object>, string given.
/workspace/jsonapi-symfony/src/Bridge/Doctrine/Persister/GenericDoctrineProcessor.php:48:Unable to resolve the template type T in call to method Doctrine\ORM\EntityManagerInterface::find()
/workspace/jsonapi-symfony/src/Bridge/Doctrine/Persister/GenericDoctrineProcessor.php:93:Parameter #1 $className of method Doctrine\ORM\EntityManagerInterface::find() expects class-string<object>, string given.
/workspace/jsonapi-symfony/src/Bridge/Doctrine/Persister/GenericDoctrineProcessor.php:93:Unable to resolve the template type T in call to method Doctrine\ORM\EntityManagerInterface::find()
/workspace/jsonapi-symfony/src/Bridge/Doctrine/Persister/GenericDoctrineProcessor.php:114:Parameter #1 $className of method Doctrine\ORM\EntityManagerInterface::find() expects class-string<object>, string given.
/workspace/jsonapi-symfony/src/Bridge/Doctrine/Persister/GenericDoctrineProcessor.php:114:Unable to resolve the template type T in call to method Doctrine\ORM\EntityManagerInterface::find()
/workspace/jsonapi-symfony/src/Bridge/Doctrine/Persister/GenericDoctrineProcessor.php:144:Parameter #1 $class of method Doctrine\Persistence\ManagerRegistry::getManagerForClass() expects class-string, string given.
/workspace/jsonapi-symfony/src/Bridge/Doctrine/Persister/ValidatingDoctrineProcessor.php:67:Parameter #1 $className of method Doctrine\ORM\EntityManagerInterface::find() expects class-string<object>, string given.
/workspace/jsonapi-symfony/src/Bridge/Doctrine/Persister/ValidatingDoctrineProcessor.php:67:Unable to resolve the template type T in call to method Doctrine\ORM\EntityManagerInterface::find()
/workspace/jsonapi-symfony/src/Bridge/Doctrine/Persister/ValidatingDoctrineProcessor.php:82:Using nullsafe property access "?->propertyPath" on left side of ?? is unnecessary. Use -> instead.
/workspace/jsonapi-symfony/src/Bridge/Doctrine/Persister/ValidatingDoctrineProcessor.php:138:Parameter #1 $className of method Doctrine\ORM\EntityManagerInterface::find() expects class-string<object>, string given.
/workspace/jsonapi-symfony/src/Bridge/Doctrine/Persister/ValidatingDoctrineProcessor.php:138:Unable to resolve the template type T in call to method Doctrine\ORM\EntityManagerInterface::find()
/workspace/jsonapi-symfony/src/Bridge/Doctrine/Persister/ValidatingDoctrineProcessor.php:162:Parameter #1 $className of method Doctrine\ORM\EntityManagerInterface::find() expects class-string<object>, string given.
/workspace/jsonapi-symfony/src/Bridge/Doctrine/Persister/ValidatingDoctrineProcessor.php:162:Unable to resolve the template type T in call to method Doctrine\ORM\EntityManagerInterface::find()
/workspace/jsonapi-symfony/src/Bridge/Doctrine/Persister/ValidatingDoctrineProcessor.php:177:Parameter #1 $class of method Doctrine\Persistence\ManagerRegistry::getManagerForClass() expects class-string, string given.
/workspace/jsonapi-symfony/src/Bridge/Doctrine/Relationship/GenericDoctrineRelationshipHandler.php:60:Parameter #1 $entity of method AlexFigures\Symfony\Bridge\Doctrine\Relationship\GenericDoctrineRelationshipHandler::extractId() expects object, mixed given.
/workspace/jsonapi-symfony/src/Bridge/Doctrine/Relationship/GenericDoctrineRelationshipHandler.php:81:Parameter #1 $callback of function array_map expects (callable(mixed): mixed)|null, Closure(object): string given.
/workspace/jsonapi-symfony/src/Bridge/Doctrine/Relationship/GenericDoctrineRelationshipHandler.php:88:Parameter #1 $ids of class AlexFigures\Symfony\Contract\Data\SliceIds constructor expects list<string>, array<string> given.
/workspace/jsonapi-symfony/src/Bridge/Doctrine/Relationship/GenericDoctrineRelationshipHandler.php:96:Method AlexFigures\Symfony\Bridge\Doctrine\Relationship\GenericDoctrineRelationshipHandler::getRelatedResource() should return object|null but returns mixed.
/workspace/jsonapi-symfony/src/Bridge/Doctrine/Relationship/GenericDoctrineRelationshipHandler.php:126:Parameter #1 $items of class AlexFigures\Symfony\Contract\Data\Slice constructor expects list<object>, array given.
/workspace/jsonapi-symfony/src/Bridge/Doctrine/Relationship/GenericDoctrineRelationshipHandler.php:169:Parameter #2 $targets of method AlexFigures\Symfony\Bridge\Doctrine\Relationship\GenericDoctrineRelationshipHandler::normalizeTargetIds() expects list<AlexFigures\Symfony\Contract\Data\ResourceIdentifier|string>, array<int, AlexFigures\Symfony\Contract\Data\ResourceIdentifier|string> given.
/workspace/jsonapi-symfony/src/Bridge/Doctrine/Relationship/GenericDoctrineRelationshipHandler.php:192:Parameter #2 $targets of method AlexFigures\Symfony\Bridge\Doctrine\Relationship\GenericDoctrineRelationshipHandler::normalizeTargetIds() expects list<AlexFigures\Symfony\Contract\Data\ResourceIdentifier|string>, array<int, AlexFigures\Symfony\Contract\Data\ResourceIdentifier|string> given.
/workspace/jsonapi-symfony/src/Bridge/Doctrine/Relationship/GenericDoctrineRelationshipHandler.php:218:Parameter #2 $targets of method AlexFigures\Symfony\Bridge\Doctrine\Relationship\GenericDoctrineRelationshipHandler::normalizeTargetIds() expects list<AlexFigures\Symfony\Contract\Data\ResourceIdentifier|string>, array<int, AlexFigures\Symfony\Contract\Data\ResourceIdentifier|string> given.
/workspace/jsonapi-symfony/src/Bridge/Doctrine/Relationship/GenericDoctrineRelationshipHandler.php:234:Parameter #1 $className of method Doctrine\ORM\EntityManagerInterface::find() expects class-string<object>, string given.
/workspace/jsonapi-symfony/src/Bridge/Doctrine/Relationship/GenericDoctrineRelationshipHandler.php:234:Unable to resolve the template type T in call to method Doctrine\ORM\EntityManagerInterface::find()
/workspace/jsonapi-symfony/src/Bridge/Doctrine/Relationship/GenericDoctrineRelationshipHandler.php:261:Cannot cast mixed to string.
/workspace/jsonapi-symfony/src/Bridge/Doctrine/Relationship/GenericDoctrineRelationshipHandler.php:264:Method AlexFigures\Symfony\Bridge\Doctrine\Relationship\GenericDoctrineRelationshipHandler::getClassMetadata() return type with generic class Doctrine\ORM\Mapping\ClassMetadata does not specify its types: T
/workspace/jsonapi-symfony/src/Bridge/Doctrine/Relationship/GenericDoctrineRelationshipHandler.php:272:Parameter #1 $className of method Doctrine\ORM\EntityManagerInterface::find() expects class-string<object>, string given.
/workspace/jsonapi-symfony/src/Bridge/Doctrine/Relationship/GenericDoctrineRelationshipHandler.php:272:Unable to resolve the template type T in call to method Doctrine\ORM\EntityManagerInterface::find()
/workspace/jsonapi-symfony/src/Bridge/Doctrine/Relationship/GenericDoctrineRelationshipHandler.php:308:Method AlexFigures\Symfony\Bridge\Doctrine\Relationship\GenericDoctrineRelationshipHandler::resolveTargetEntity() has parameter $metadata with generic class Doctrine\ORM\Mapping\ClassMetadata but does not specify its types: T
/workspace/jsonapi-symfony/src/Bridge/Doctrine/Relationship/GenericDoctrineRelationshipHandler.php:320:Call to function is_array() with Doctrine\ORM\Mapping\AssociationMapping will always evaluate to false.
/workspace/jsonapi-symfony/src/Bridge/Doctrine/Relationship/GenericDoctrineRelationshipHandler.php:321:Offset 'targetEntity' on *NEVER* in isset() always exists and is not nullable.
/workspace/jsonapi-symfony/src/Bridge/Doctrine/Relationship/GenericDoctrineRelationshipHandler.php:343:Call to function property_exists() with Doctrine\ORM\Mapping\AssociationMapping and 'targetEntity' will always evaluate to true.
/workspace/jsonapi-symfony/src/Bridge/Doctrine/Relationship/GenericDoctrineRelationshipHandler.php:358:Method AlexFigures\Symfony\Bridge\Doctrine\Relationship\GenericDoctrineRelationshipHandler::determineTargetClass() has parameter $entityMetadata with generic class Doctrine\ORM\Mapping\ClassMetadata but does not specify its types: T
/workspace/jsonapi-symfony/src/Bridge/Doctrine/Relationship/GenericDoctrineRelationshipHandler.php:426:Method AlexFigures\Symfony\Bridge\Doctrine\Relationship\GenericDoctrineRelationshipHandler::resolveToManyUpdateArguments() has parameter $targets with no value type specified in iterable type array.
/workspace/jsonapi-symfony/src/Bridge/Doctrine/Relationship/GenericDoctrineRelationshipHandler.php:435:Method AlexFigures\Symfony\Bridge\Doctrine\Relationship\GenericDoctrineRelationshipHandler::resolveToManyUpdateArguments() should return array{object, AlexFigures\Symfony\Resource\Metadata\ResourceMetadata, string, array<int, AlexFigures\Symfony\Contract\Data\ResourceIdentifier|string>} but returns array{object, AlexFigures\Symfony\Resource\Metadata\ResourceMetadata, string, array}.
/workspace/jsonapi-symfony/src/Bridge/Doctrine/Relationship/GenericDoctrineRelationshipHandler.php:498:Parameter #1 $class of method Doctrine\Persistence\ManagerRegistry::getManagerForClass() expects class-string, string given.
/workspace/jsonapi-symfony/src/Bridge/Doctrine/Repository/GenericDoctrineRepository.php:52:Parameter #1 $from of method Doctrine\ORM\QueryBuilder::from() expects class-string, string given.
/workspace/jsonapi-symfony/src/Bridge/Doctrine/Repository/GenericDoctrineRepository.php:83:Parameter #1 $callback of function array_map expects (callable(mixed): mixed)|null, Closure(array): object given.
/workspace/jsonapi-symfony/src/Bridge/Doctrine/Repository/GenericDoctrineRepository.php:89:Parameter #1 $callback of function array_map expects (callable(mixed): mixed)|null, Closure(object): object given.
/workspace/jsonapi-symfony/src/Bridge/Doctrine/Repository/GenericDoctrineRepository.php:90:Parameter #2 $array of function array_map expects array, mixed given.
/workspace/jsonapi-symfony/src/Bridge/Doctrine/Repository/GenericDoctrineRepository.php:97:Parameter $items of class AlexFigures\Symfony\Contract\Data\Slice constructor expects list<object>, array<object> given.
/workspace/jsonapi-symfony/src/Bridge/Doctrine/Repository/GenericDoctrineRepository.php:112:Parameter #1 $from of method Doctrine\ORM\QueryBuilder::from() expects class-string, string given.
/workspace/jsonapi-symfony/src/Bridge/Doctrine/Repository/GenericDoctrineRepository.php:124:Parameter #1 $className of method Doctrine\ORM\EntityManagerInterface::find() expects class-string<object>, string given.
/workspace/jsonapi-symfony/src/Bridge/Doctrine/Repository/GenericDoctrineRepository.php:124:Unable to resolve the template type T in call to method Doctrine\ORM\EntityManagerInterface::find()
/workspace/jsonapi-symfony/src/Bridge/Doctrine/Repository/GenericDoctrineRepository.php:163:Parameter #1 $from of method Doctrine\ORM\QueryBuilder::from() expects class-string, string given.
/workspace/jsonapi-symfony/src/Bridge/Doctrine/Repository/GenericDoctrineRepository.php:172:Binary operation "." between 'related.' and mixed results in an error.
/workspace/jsonapi-symfony/src/Bridge/Doctrine/Repository/GenericDoctrineRepository.php:178:Parameter #1 $className of method Doctrine\ORM\EntityManagerInterface::getRepository() expects class-string<object>, string given.
/workspace/jsonapi-symfony/src/Bridge/Doctrine/Repository/GenericDoctrineRepository.php:178:Unable to resolve the template type T in call to method Doctrine\ORM\EntityManagerInterface::getRepository()
/workspace/jsonapi-symfony/src/Bridge/Doctrine/Repository/GenericDoctrineRepository.php:186:Argument of an invalid type mixed supplied for foreach, only iterables are supported.
/workspace/jsonapi-symfony/src/Bridge/Doctrine/Repository/GenericDoctrineRepository.php:187:Parameter #1 $entity of method Doctrine\ORM\Mapping\ClassMetadata<object>::getFieldValue() expects object, mixed given.
/workspace/jsonapi-symfony/src/Bridge/Doctrine/Repository/GenericDoctrineRepository.php:189:Argument of an invalid type mixed supplied for foreach, only iterables are supported.
/workspace/jsonapi-symfony/src/Bridge/Doctrine/Repository/GenericDoctrineRepository.php:195:Method AlexFigures\Symfony\Bridge\Doctrine\Repository\GenericDoctrineRepository::findRelated() should return iterable<object> but returns array<int<0, max>, mixed>.
/workspace/jsonapi-symfony/src/Bridge/Doctrine/Repository/GenericDoctrineRepository.php:199:Parameter #1 $className of method Doctrine\ORM\EntityManagerInterface::getRepository() expects class-string<object>, string given.
/workspace/jsonapi-symfony/src/Bridge/Doctrine/Repository/GenericDoctrineRepository.php:199:Unable to resolve the template type T in call to method Doctrine\ORM\EntityManagerInterface::getRepository()
/workspace/jsonapi-symfony/src/Bridge/Doctrine/Repository/GenericDoctrineRepository.php:207:Parameter #1 $array of function array_column expects array, mixed given.
/workspace/jsonapi-symfony/src/Bridge/Doctrine/Repository/GenericDoctrineRepository.php:217:Method AlexFigures\Symfony\Bridge\Doctrine\Repository\GenericDoctrineRepository::findRelated() should return iterable<object> but returns mixed.
/workspace/jsonapi-symfony/src/Bridge/Doctrine/Repository/GenericDoctrineRepository.php:384:Parameter #1 $class of method Doctrine\Persistence\ManagerRegistry::getManagerForClass() expects class-string, string given.
/workspace/jsonapi-symfony/src/Bridge/Serializer/Normalizer/JsonApiRelationshipDenormalizer.php:43:Parameter #1 $object of function get_class expects object, mixed given.
/workspace/jsonapi-symfony/src/Bridge/Serializer/Normalizer/JsonApiRelationshipDenormalizer.php:52:Parameter #1 $object of function get_class expects object, mixed given.
/workspace/jsonapi-symfony/src/Bridge/Serializer/Normalizer/JsonApiRelationshipDenormalizer.php:61:Parameter #1 $entity of method AlexFigures\Symfony\Resource\Relationship\RelationshipResolver::applyRelationships() expects object, mixed given.
/workspace/jsonapi-symfony/src/Bridge/Serializer/Normalizer/JsonApiRelationshipDenormalizer.php:62:Parameter #2 $relationshipsPayload of method AlexFigures\Symfony\Resource\Relationship\RelationshipResolver::applyRelationships() expects array<string, mixed>, mixed given.
/workspace/jsonapi-symfony/src/Bridge/Serializer/Normalizer/JsonApiRelationshipDenormalizer.php:64:Parameter #4 $isCreate of method AlexFigures\Symfony\Resource\Relationship\RelationshipResolver::applyRelationships() expects bool, mixed given.
/workspace/jsonapi-symfony/src/Bridge/Serializer/Normalizer/JsonApiRelationshipDenormalizer.php:94:Parameter #1 $object of function get_class expects object, mixed given.
/workspace/jsonapi-symfony/src/Bridge/Serializer/Normalizer/JsonApiRelationshipDenormalizer.php:107:Method AlexFigures\Symfony\Bridge\Serializer\Normalizer\JsonApiRelationshipDenormalizer::getSupportedTypes() should return array<class-string, bool> but returns array<string, false>.
/workspace/jsonapi-symfony/src/Bridge/Symfony/Bundle/JsonApiBundle.php:30:Method AlexFigures\Symfony\Bridge\Symfony\Bundle\JsonApiBundle::getContainerExtension() never returns null so it can be removed from the return type.
/workspace/jsonapi-symfony/src/Bridge/Symfony/Bundle/JsonApiBundle.php:36:Method AlexFigures\Symfony\Bridge\Symfony\Bundle\JsonApiBundle::getContainerExtension() should return Symfony\Component\DependencyInjection\Extension\ExtensionInterface|null but returns Symfony\Component\DependencyInjection\Extension\ExtensionInterface|false.
/workspace/jsonapi-symfony/src/Bridge/Symfony/DependencyInjection/Compiler/ResourceDiscoveryPass.php:89:Dead catch - ReflectionException is never thrown in the try block.
/workspace/jsonapi-symfony/src/Bridge/Symfony/DependencyInjection/Compiler/ResourceDiscoveryPass.php:143:Method AlexFigures\Symfony\Bridge\Symfony\DependencyInjection\Compiler\ResourceDiscoveryPass::extractClassName() should return class-string|null but returns string.
/workspace/jsonapi-symfony/src/Bridge/Symfony/DependencyInjection/Compiler/ResourceDiscoveryPass.php:250:Method AlexFigures\Symfony\Bridge\Symfony\DependencyInjection\Compiler\ResourceDiscoveryPass::isControllerClass() has parameter $reflection with generic class ReflectionClass but does not specify its types: T
/workspace/jsonapi-symfony/src/Bridge/Symfony/DependencyInjection/Compiler/ResourceDiscoveryPass.php:288:Method AlexFigures\Symfony\Bridge\Symfony\DependencyInjection\Compiler\ResourceDiscoveryPass::resolvePath() should return string but returns mixed.
/workspace/jsonapi-symfony/src/Bridge/Symfony/DependencyInjection/Configuration.php:243:Call to an undefined method Symfony\Component\Config\Definition\Builder\NodeParentInterface::defaultValue().
/workspace/jsonapi-symfony/src/Bridge/Symfony/DependencyInjection/Configuration.php:253:Call to an undefined method Symfony\Component\Config\Definition\Builder\NodeParentInterface::defaultValue().
/workspace/jsonapi-symfony/src/Bridge/Symfony/EventListener/WriteListener.php:138:Strict comparison using !== between non-empty-string and false will always evaluate to true.
/workspace/jsonapi-symfony/src/Bridge/Symfony/EventListener/WriteListener.php:141:Cannot access offset 'data' on mixed.
/workspace/jsonapi-symfony/src/Bridge/Symfony/EventListener/WriteListener.php:141:Cannot access offset 'type' on mixed.
/workspace/jsonapi-symfony/src/Bridge/Symfony/EventSubscriber/ContentNegotiationSubscriber.php:161:Parameter #3 $length of function substr expects int|null, int<0, max>|false given.
/workspace/jsonapi-symfony/src/Bridge/Symfony/EventSubscriber/MediaChannelSubscriber.php:45:Method AlexFigures\Symfony\Bridge\Symfony\EventSubscriber\MediaChannelSubscriber::extractAttribute() has parameter $controller with no signature specified for callable.
/workspace/jsonapi-symfony/src/Bridge/Symfony/EventSubscriber/MediaChannelSubscriber.php:48:Parameter #1 $instance of method AlexFigures\Symfony\Bridge\Symfony\EventSubscriber\MediaChannelSubscriber::extractFromMethod() expects object, mixed given.
/workspace/jsonapi-symfony/src/Bridge/Symfony/EventSubscriber/MediaChannelSubscriber.php:48:Parameter #2 $method of method AlexFigures\Symfony\Bridge\Symfony\EventSubscriber\MediaChannelSubscriber::extractFromMethod() expects string, mixed given.
/workspace/jsonapi-symfony/src/Bridge/Symfony/Locator/ResourcePersisterLocator.php:17:Class AlexFigures\Symfony\Bridge\Symfony\Locator\ResourcePersisterLocator implements unknown interface AlexFigures\Symfony\Contract\Data\ResourcePersister.
/workspace/jsonapi-symfony/src/Bridge/Symfony/Locator/ResourcePersisterLocator.php:23:Parameter $persisters of method AlexFigures\Symfony\Bridge\Symfony\Locator\ResourcePersisterLocator::__construct() has invalid type AlexFigures\Symfony\Contract\Data\ResourcePersister.
/workspace/jsonapi-symfony/src/Bridge/Symfony/Locator/ResourcePersisterLocator.php:23:Property AlexFigures\Symfony\Bridge\Symfony\Locator\ResourcePersisterLocator::$persisters has unknown class AlexFigures\Symfony\Contract\Data\ResourcePersister as its type.
/workspace/jsonapi-symfony/src/Bridge/Symfony/Locator/ResourcePersisterLocator.php:24:Parameter $fallbackPersister of method AlexFigures\Symfony\Bridge\Symfony\Locator\ResourcePersisterLocator::__construct() has invalid type AlexFigures\Symfony\Contract\Data\ResourcePersister.
/workspace/jsonapi-symfony/src/Bridge/Symfony/Locator/ResourcePersisterLocator.php:24:Property AlexFigures\Symfony\Bridge\Symfony\Locator\ResourcePersisterLocator::$fallbackPersister has unknown class AlexFigures\Symfony\Contract\Data\ResourcePersister as its type.
/workspace/jsonapi-symfony/src/Bridge/Symfony/Locator/ResourcePersisterLocator.php:30:Call to method create() on an unknown class AlexFigures\Symfony\Contract\Data\ResourcePersister.
/workspace/jsonapi-symfony/src/Bridge/Symfony/Locator/ResourcePersisterLocator.php:35:Call to method update() on an unknown class AlexFigures\Symfony\Contract\Data\ResourcePersister.
/workspace/jsonapi-symfony/src/Bridge/Symfony/Locator/ResourcePersisterLocator.php:40:Call to method delete() on an unknown class AlexFigures\Symfony\Contract\Data\ResourcePersister.
/workspace/jsonapi-symfony/src/Bridge/Symfony/Locator/ResourcePersisterLocator.php:43:Method AlexFigures\Symfony\Bridge\Symfony\Locator\ResourcePersisterLocator::getPersisterForType() has invalid return type AlexFigures\Symfony\Contract\Data\ResourcePersister.
/workspace/jsonapi-symfony/src/Bridge/Symfony/Locator/ResourcePersisterLocator.php:46:Call to method supports() on an unknown class AlexFigures\Symfony\Contract\Data\ResourcePersister.
/workspace/jsonapi-symfony/src/Bridge/Symfony/Locator/ResourceRepositoryLocator.php:30:Parameter #2 $criteria (AlexFigures\Symfony\Contract\Data\Criteria) of method AlexFigures\Symfony\Bridge\Symfony\Locator\ResourceRepositoryLocator::findCollection() is not contravariant with parameter #2 $criteria (AlexFigures\Symfony\Query\Criteria) of method AlexFigures\Symfony\Contract\Data\ResourceRepository::findCollection().
/workspace/jsonapi-symfony/src/Bridge/Symfony/Locator/ResourceRepositoryLocator.php:30:Parameter $criteria of method AlexFigures\Symfony\Bridge\Symfony\Locator\ResourceRepositoryLocator::findCollection() has invalid type AlexFigures\Symfony\Contract\Data\Criteria.
/workspace/jsonapi-symfony/src/Bridge/Symfony/Locator/ResourceRepositoryLocator.php:32:Parameter #2 $criteria of method AlexFigures\Symfony\Contract\Data\ResourceRepository::findCollection() expects AlexFigures\Symfony\Query\Criteria, AlexFigures\Symfony\Contract\Data\Criteria given.
/workspace/jsonapi-symfony/src/Bridge/Symfony/Locator/ResourceRepositoryLocator.php:35:Parameter #3 $criteria (AlexFigures\Symfony\Contract\Data\Criteria) of method AlexFigures\Symfony\Bridge\Symfony\Locator\ResourceRepositoryLocator::findOne() is not contravariant with parameter #3 $criteria (AlexFigures\Symfony\Query\Criteria) of method AlexFigures\Symfony\Contract\Data\ResourceRepository::findOne().
/workspace/jsonapi-symfony/src/Bridge/Symfony/Locator/ResourceRepositoryLocator.php:35:Parameter $criteria of method AlexFigures\Symfony\Bridge\Symfony\Locator\ResourceRepositoryLocator::findOne() has invalid type AlexFigures\Symfony\Contract\Data\Criteria.
/workspace/jsonapi-symfony/src/Bridge/Symfony/Locator/ResourceRepositoryLocator.php:37:Parameter #3 $criteria of method AlexFigures\Symfony\Contract\Data\ResourceRepository::findOne() expects AlexFigures\Symfony\Query\Criteria, AlexFigures\Symfony\Contract\Data\Criteria given.
/workspace/jsonapi-symfony/src/Bridge/Symfony/Negotiation/ChannelScopeMatcher.php:30:Cannot cast mixed to string.
/workspace/jsonapi-symfony/src/Bridge/Symfony/Negotiation/ChannelScopeMatcher.php:38:Cannot cast mixed to string.
/workspace/jsonapi-symfony/src/Bridge/Symfony/Negotiation/ConfigMediaTypePolicyProvider.php:22:Method AlexFigures\Symfony\Bridge\Symfony\Negotiation\ConfigMediaTypePolicyProvider::__construct() has parameter $config with no value type specified in iterable type array.
/workspace/jsonapi-symfony/src/Bridge/Symfony/Negotiation/ConfigMediaTypePolicyProvider.php:23:Property AlexFigures\Symfony\Bridge\Symfony\Negotiation\ConfigMediaTypePolicyProvider::$config is never read, only written.
/workspace/jsonapi-symfony/src/Bridge/Symfony/Negotiation/ConfigMediaTypePolicyProvider.php:68:Offset 'allowed' on array{allowed: list<string>} on left side of ?? always exists and is not nullable.
/workspace/jsonapi-symfony/src/Bridge/Symfony/Negotiation/ConfigMediaTypePolicyProvider.php:69:Offset 'negotiable' on array{default: string, negotiable: list<string>} on left side of ?? always exists and is not nullable.
/workspace/jsonapi-symfony/src/Bridge/Symfony/Null/NullRelationshipUpdater.php:18:Non-abstract class AlexFigures\Symfony\Bridge\Symfony\Null\NullRelationshipUpdater contains abstract method removeFromToMany() from interface AlexFigures\Symfony\Contract\Data\RelationshipUpdater.
/workspace/jsonapi-symfony/src/Bridge/Symfony/Null/NullRelationshipUpdater.php:18:Non-abstract class AlexFigures\Symfony\Bridge\Symfony\Null\NullRelationshipUpdater contains abstract method replaceToOne() from interface AlexFigures\Symfony\Contract\Data\RelationshipUpdater.
/workspace/jsonapi-symfony/src/Bridge/Symfony/Null/NullRelationshipUpdater.php:38:Method AlexFigures\Symfony\Bridge\Symfony\Null\NullRelationshipUpdater::removeFromMany() has parameter $targetIds with no value type specified in iterable type array.
/workspace/jsonapi-symfony/src/Bridge/Symfony/Routing/JsonApiRouteLoader.php:364:Method AlexFigures\Symfony\Bridge\Symfony\Routing\JsonApiRouteLoader::resolveController() has parameter $customRoute with no type specified.
/workspace/jsonapi-symfony/src/Bridge/Symfony/Routing/RouteNameGenerator.php:89:Parameter #3 $subject of function str_replace expects array|string, string|null given.
/workspace/jsonapi-symfony/src/Contract/Data/Slice.php:34:Class AlexFigures\Symfony\Contract\Data\Slice implements generic interface IteratorAggregate but does not specify its types: TKey, TValue
/workspace/jsonapi-symfony/src/Contract/Data/SliceIds.php:34:Class AlexFigures\Symfony\Contract\Data\SliceIds implements generic interface IteratorAggregate but does not specify its types: TKey, TValue
/workspace/jsonapi-symfony/src/Contract/Data/TypedResourcePersister.php:12:Interface AlexFigures\Symfony\Contract\Data\TypedResourcePersister extends unknown interface AlexFigures\Symfony\Contract\Data\ResourcePersister.
/workspace/jsonapi-symfony/src/CustomRoute/Controller/CustomRouteController.php:123:Method AlexFigures\Symfony\CustomRoute\Controller\CustomRouteController::executeHandler() has parameter $context with no type specified.
/workspace/jsonapi-symfony/src/CustomRoute/Controller/CustomRouteController.php:175:Method AlexFigures\Symfony\CustomRoute\Controller\CustomRouteController::dispatchEventIfNeeded() has parameter $context with no type specified.
/workspace/jsonapi-symfony/src/CustomRoute/Controller/CustomRouteController.php:223:Access to an undefined property object::$getId.
/workspace/jsonapi-symfony/src/CustomRoute/Controller/CustomRouteController.php:223:Access to an undefined property object::$id.
/workspace/jsonapi-symfony/src/CustomRoute/Handler/CustomRouteHandlerRegistry.php:106:Property AlexFigures\Symfony\CustomRoute\Handler\CustomRouteHandlerRegistry::$handlers (array<string, string>) does not accept array<string, string|null>.
/workspace/jsonapi-symfony/src/CustomRoute/Response/CustomRouteResponseBuilder.php:155:Offset 'links' on array{jsonapi: array{version: string}, links: array<string, list<string>|string>, data: array{type: string, id: string, links: array<string, string>, attributes: array<string, mixed>|stdClass, relationships?: array<string, array<string, mixed>>}, meta?: array<string, mixed>, included?: list<array<string, mixed>>} on left side of ?? always exists and is not nullable.
/workspace/jsonapi-symfony/src/CustomRoute/Response/CustomRouteResponseBuilder.php:165:Offset 'id' on array{type: string, id: string, links: array<string, string>, attributes: array<string, mixed>|stdClass, relationships?: array<string, array<string, mixed>>} on left side of ?? always exists and is not nullable.
/workspace/jsonapi-symfony/src/CustomRoute/Response/CustomRouteResponseBuilder.php:166:Strict comparison using !== between string and null will always evaluate to true.
/workspace/jsonapi-symfony/src/CustomRoute/Response/CustomRouteResponseBuilder.php:193:Parameter $items of class AlexFigures\Symfony\Contract\Data\Slice constructor expects list<object>, array given.
/workspace/jsonapi-symfony/src/CustomRoute/Response/CustomRouteResponseBuilder.php:202:Parameter #2 $models of method AlexFigures\Symfony\Http\Document\DocumentBuilder::buildCollection() expects list<object>, array given.
/workspace/jsonapi-symfony/src/CustomRoute/Response/CustomRouteResponseBuilder.php:210:Offset 'meta' on array{jsonapi: array{version: string}, links: array<string, list<string>|string>, data: list<array<string, mixed>>, meta: array<string, mixed>, included?: list<array<string, mixed>>} on left side of ?? always exists and is not nullable.
/workspace/jsonapi-symfony/src/CustomRoute/Response/CustomRouteResponseBuilder.php:215:Offset 'links' on array{jsonapi: array{version: string}, links: array<string, list<string>|string>, data: list<array<string, mixed>>, meta: array<string, mixed>, included?: list<array<string, mixed>>} on left side of ?? always exists and is not nullable.
/workspace/jsonapi-symfony/src/CustomRoute/Response/CustomRouteResponseBuilder.php:231:Method AlexFigures\Symfony\CustomRoute\Response\CustomRouteResponseBuilder::buildErrorObject() return type has no value type specified in iterable type array.
/workspace/jsonapi-symfony/src/Filter/Compiler/Doctrine/DoctrineFilterCompiler.php:79:Strict comparison using === between AlexFigures\Symfony\Filter\Operator\Operator and null will always evaluate to false.
/workspace/jsonapi-symfony/src/Filter/Operator/LikeOperator.php:29:Binary operation "." between '%' and mixed results in an error.
/workspace/jsonapi-symfony/src/Http/Controller/CreateResourceController.php:73:Parameter #3 $relationships of method AlexFigures\Symfony\Http\Write\ChangeSetFactory::fromInput() expects array<string, array{data: mixed}>, array<string, mixed> given.
/workspace/jsonapi-symfony/src/Http/Controller/UpdateResourceController.php:63:Parameter #3 $relationships of method AlexFigures\Symfony\Http\Write\ChangeSetFactory::fromInput() expects array<string, array{data: mixed}>, array<string, mixed> given.
/workspace/jsonapi-symfony/src/Http/Exception/ValidationException.php:24:Parameter #4 $errors of method AlexFigures\Symfony\Http\Exception\JsonApiHttpException::__construct() expects list<AlexFigures\Symfony\Http\Error\ErrorObject>, array<AlexFigures\Symfony\Http\Error\ErrorObject> given.
/workspace/jsonapi-symfony/src/Http/Validation/ConstraintViolationMapper.php:99:Argument of an invalid type Symfony\Component\Serializer\Exception\NotNormalizableValueException supplied for foreach, only iterables are supported.
/workspace/jsonapi-symfony/src/Http/Validation/ConstraintViolationMapper.php:137:Parameter #2 $propertyPath of method AlexFigures\Symfony\Http\Validation\ConstraintViolationMapper::pointerFor() expects string, string|null given.
/workspace/jsonapi-symfony/src/Resource/Attribute/FilterableField.php:64:Parameter #1 $array (list<string>) of array_values is already a list, call has no effect.
/workspace/jsonapi-symfony/src/Resource/Attribute/JsonApiResource.php:90:Method AlexFigures\Symfony\Resource\Attribute\JsonApiResource::getNormalizationGroups() should return list<string> but returns mixed.
/workspace/jsonapi-symfony/src/Resource/Attribute/JsonApiResource.php:100:Method AlexFigures\Symfony\Resource\Attribute\JsonApiResource::getDenormalizationGroups() should return list<string> but returns mixed.
/workspace/jsonapi-symfony/src/Resource/Attribute/SortableFields.php:69:Parameter #1 $array (list<string>) of array_values is already a list, call has no effect.
/workspace/jsonapi-symfony/src/Resource/Mapper/DefaultReadMapper.php:25:Parameter #1 $objectOrClass of class ReflectionClass constructor expects class-string<T of object>|T of object, string given.
/workspace/jsonapi-symfony/src/Resource/Mapper/DefaultReadMapper.php:35:Parameter #1 $name of method ReflectionClass<object>::hasProperty() expects string, (int|string) given.
/workspace/jsonapi-symfony/src/Resource/Mapper/DefaultReadMapper.php:36:Parameter #1 $name of method ReflectionClass<object>::getProperty() expects string, (int|string) given.
/workspace/jsonapi-symfony/src/Resource/Metadata/ResourceMetadata.php:109:Method AlexFigures\Symfony\Resource\Metadata\ResourceMetadata::getNormalizationGroups() should return list<string> but returns mixed.
/workspace/jsonapi-symfony/src/Resource/Metadata/ResourceMetadata.php:123:Parameter #2 $haystack of function in_array expects array, mixed given.
/workspace/jsonapi-symfony/src/Resource/Metadata/ResourceMetadata.php:127:Method AlexFigures\Symfony\Resource\Metadata\ResourceMetadata::getDenormalizationGroups() should return list<string> but returns array.
/workspace/jsonapi-symfony/src/Resource/Registry/CustomRouteRegistry.php:30:Parameter $name of class AlexFigures\Symfony\Resource\Metadata\CustomRouteMetadata constructor expects string, mixed given.
/workspace/jsonapi-symfony/src/Resource/Registry/CustomRouteRegistry.php:31:Parameter $path of class AlexFigures\Symfony\Resource\Metadata\CustomRouteMetadata constructor expects string, mixed given.
/workspace/jsonapi-symfony/src/Resource/Registry/CustomRouteRegistry.php:32:Parameter $methods of class AlexFigures\Symfony\Resource\Metadata\CustomRouteMetadata constructor expects array<string>, mixed given.
/workspace/jsonapi-symfony/src/Resource/Registry/CustomRouteRegistry.php:33:Parameter $handler of class AlexFigures\Symfony\Resource\Metadata\CustomRouteMetadata constructor expects string|null, mixed given.
/workspace/jsonapi-symfony/src/Resource/Registry/CustomRouteRegistry.php:34:Parameter $controller of class AlexFigures\Symfony\Resource\Metadata\CustomRouteMetadata constructor expects string|null, mixed given.
/workspace/jsonapi-symfony/src/Resource/Registry/CustomRouteRegistry.php:35:Parameter $resourceType of class AlexFigures\Symfony\Resource\Metadata\CustomRouteMetadata constructor expects string|null, mixed given.
/workspace/jsonapi-symfony/src/Resource/Registry/CustomRouteRegistry.php:36:Parameter $defaults of class AlexFigures\Symfony\Resource\Metadata\CustomRouteMetadata constructor expects array<string, mixed>, mixed given.
/workspace/jsonapi-symfony/src/Resource/Registry/CustomRouteRegistry.php:37:Parameter $requirements of class AlexFigures\Symfony\Resource\Metadata\CustomRouteMetadata constructor expects array<string, string>, mixed given.
/workspace/jsonapi-symfony/src/Resource/Registry/CustomRouteRegistry.php:38:Parameter $description of class AlexFigures\Symfony\Resource\Metadata\CustomRouteMetadata constructor expects string|null, mixed given.
/workspace/jsonapi-symfony/src/Resource/Registry/CustomRouteRegistry.php:39:Parameter $priority of class AlexFigures\Symfony\Resource\Metadata\CustomRouteMetadata constructor expects int, mixed given.
/workspace/jsonapi-symfony/src/Resource/Registry/ResourceRegistry.php:180:Variable $filterableFieldsAttr in PHPDoc tag @var does not match assigned variable $filterableFields.
/workspace/jsonapi-symfony/src/Resource/Registry/ResourceRegistry.php:186:Parameter $dataClass of class AlexFigures\Symfony\Resource\Metadata\ResourceMetadata constructor expects class-string|null, string given.
/workspace/jsonapi-symfony/src/Resource/Registry/ResourceRegistry.php:187:Parameter $viewClass of class AlexFigures\Symfony\Resource\Metadata\ResourceMetadata constructor expects class-string|null, string given.
/workspace/jsonapi-symfony/src/Resource/Relationship/RelationshipResolver.php:49:Method AlexFigures\Symfony\Resource\Relationship\RelationshipResolver::applyRelationships() has parameter $context with no value type specified in iterable type array.
/workspace/jsonapi-symfony/src/Resource/Relationship/RelationshipResolver.php:168:Method AlexFigures\Symfony\Resource\Relationship\RelationshipResolver::validateResourceIdentifier() has parameter $ri with no value type specified in iterable type array.
/workspace/jsonapi-symfony/src/Resource/Relationship/RelationshipResolver.php:180:Strict comparison using === between mixed and null will always evaluate to false.
/workspace/jsonapi-symfony/src/Resource/Relationship/RelationshipResolver.php:255:Method AlexFigures\Symfony\Resource\Relationship\RelationshipResolver::resolveTarget() should return object but returns object|null.
/workspace/jsonapi-symfony/src/Resource/Relationship/RelationshipResolver.php:255:Parameter #1 $entityName of method Doctrine\ORM\EntityManagerInterface::getReference() expects class-string<object>, string given.
/workspace/jsonapi-symfony/src/Resource/Relationship/RelationshipResolver.php:255:Unable to resolve the template type T in call to method Doctrine\ORM\EntityManagerInterface::getReference()
/workspace/jsonapi-symfony/src/Resource/Relationship/RelationshipResolver.php:259:Parameter #1 $className of method Doctrine\ORM\EntityManagerInterface::find() expects class-string<object>, string given.
/workspace/jsonapi-symfony/src/Resource/Relationship/RelationshipResolver.php:259:Unable to resolve the template type T in call to method Doctrine\ORM\EntityManagerInterface::find()
/workspace/jsonapi-symfony/src/Resource/Relationship/RelationshipResolver.php:324:Parameter #1 $entityName of method Doctrine\ORM\EntityManagerInterface::getReference() expects class-string<object>, string given.
/workspace/jsonapi-symfony/src/Resource/Relationship/RelationshipResolver.php:324:Unable to resolve the template type T in call to method Doctrine\ORM\EntityManagerInterface::getReference()
/workspace/jsonapi-symfony/src/Resource/Relationship/RelationshipResolver.php:330:Parameter #1 $from of method Doctrine\ORM\QueryBuilder::from() expects class-string, string given.
/workspace/jsonapi-symfony/src/Resource/Relationship/RelationshipResolver.php:339:Argument of an invalid type mixed supplied for foreach, only iterables are supported.
/workspace/jsonapi-symfony/src/Resource/Relationship/RelationshipResolver.php:340:Cannot cast mixed to string.
/workspace/jsonapi-symfony/src/Resource/Relationship/RelationshipResolver.php:340:Parameter #1 $entity of method Doctrine\ORM\UnitOfWork::getSingleIdentifierValue() expects object, mixed given.
/workspace/jsonapi-symfony/src/Resource/Relationship/RelationshipResolver.php:372:Method AlexFigures\Symfony\Resource\Relationship\RelationshipResolver::resolveTargetsBatch() should return array<string, object> but returns array<string, mixed>.
/workspace/jsonapi-symfony/src/Resource/Relationship/RelationshipResolver.php:391:PHPDoc tag @var with type array<string, bool|int|string> is not subtype of native type Doctrine\ORM\Mapping\AssociationMapping.
/workspace/jsonapi-symfony/src/Resource/Relationship/RelationshipResolver.php:449:Cannot cast mixed to string.
/workspace/jsonapi-symfony/src/Resource/Relationship/RelationshipResolver.php:449:Parameter #1 $entity of method Doctrine\ORM\UnitOfWork::getSingleIdentifierValue() expects object, mixed given.
/workspace/jsonapi-symfony/src/Resource/Relationship/RelationshipResolver.php:474:Parameter #5 $target of method AlexFigures\Symfony\Resource\Relationship\RelationshipResolver::removeLink() expects object, mixed given.
/workspace/jsonapi-symfony/src/Resource/Relationship/RelationshipResolver.php:516:PHPDoc tag @var with type array<string, bool|int|string> is not subtype of native type Doctrine\ORM\Mapping\AssociationMapping.
/workspace/jsonapi-symfony/src/Resource/Relationship/RelationshipResolver.php:568:PHPDoc tag @var with type array<string, bool|int|string> is not subtype of native type Doctrine\ORM\Mapping\AssociationMapping.
/workspace/jsonapi-symfony/src/Resource/Relationship/RelationshipResolver.php:669:Method AlexFigures\Symfony\Resource\Relationship\RelationshipResolver::getOrInitCollection() return type with generic interface Doctrine\Common\Collections\Collection does not specify its types: TKey, T
/workspace/jsonapi-symfony/src/Resource/Relationship/RelationshipResolver.php:688:Method AlexFigures\Symfony\Resource\Relationship\RelationshipResolver::isList() has parameter $arr with no value type specified in iterable type array.
/workspace/jsonapi-symfony/src/Resource/Relationship/RelationshipResolver.php:747:Parameter #1 $class of method Doctrine\Persistence\ManagerRegistry::getManagerForClass() expects class-string, string given.
/workspace/jsonapi-symfony/src/Resource/Write/WriteContext.php:9:Method AlexFigures\Symfony\Resource\Write\WriteContext::__construct() has parameter $options with no value type specified in iterable type array.
